<?xml version="1.0" encoding="UTF-8"?>
<testng-results ignored="0" total="5" passed="5" failed="0" skipped="0">
  <reporter-output>
  </reporter-output>
  <suite started-at="2024-12-28T17:14:22 IST" name="Default suite" finished-at="2024-12-28T17:17:37 IST" duration-ms="194414">
    <groups>
    </groups>
    <test started-at="2024-12-28T17:14:22 IST" name="Default test-2" finished-at="2024-12-28T17:16:16 IST" duration-ms="113633">
      <class name="com.Browserstack.TestBrowserstack">
        <test-method signature="testBrowserStack(java.lang.String,java.lang.String,java.lang.String,java.lang.String,java.lang.String,java.lang.String)[pri:0, instance:com.Browserstack.TestBrowserstack@1bc425e7]" started-at="2024-12-28T17:14:23 IST" name="testBrowserStack" finished-at="2024-12-28T17:16:15 IST" duration-ms="112783" status="PASS">
          <params>
            <param index="0">
              <value>
                <![CDATA[Windows]]>
              </value>
            </param>
            <param index="1">
              <value>
                <![CDATA[]]>
              </value>
            </param>
            <param index="2">
              <value>
                <![CDATA[10]]>
              </value>
            </param>
            <param index="3">
              <value>
                <![CDATA[chrome]]>
              </value>
            </param>
            <param index="4">
              <value>
                <![CDATA[latest]]>
              </value>
            </param>
            <param index="5">
              <value>
                <![CDATA[]]>
              </value>
            </param>
          </params>
          <reporter-output>
          </reporter-output>
        </test-method> <!-- testBrowserStack -->
      </class> <!-- com.Browserstack.TestBrowserstack -->
    </test> <!-- Default test-2 -->
    <test started-at="2024-12-28T17:14:22 IST" name="Default test-4" finished-at="2024-12-28T17:16:37 IST" duration-ms="134276">
      <class name="com.Browserstack.TestBrowserstack">
        <test-method signature="testBrowserStack(java.lang.String,java.lang.String,java.lang.String,java.lang.String,java.lang.String,java.lang.String)[pri:0, instance:com.Browserstack.TestBrowserstack@5965844d]" started-at="2024-12-28T17:14:23 IST" name="testBrowserStack" finished-at="2024-12-28T17:16:36 IST" duration-ms="133483" status="PASS">
          <params>
            <param index="0">
              <value>
                <![CDATA[Windows]]>
              </value>
            </param>
            <param index="1">
              <value>
                <![CDATA[]]>
              </value>
            </param>
            <param index="2">
              <value>
                <![CDATA[10]]>
              </value>
            </param>
            <param index="3">
              <value>
                <![CDATA[chrome]]>
              </value>
            </param>
            <param index="4">
              <value>
                <![CDATA[latest]]>
              </value>
            </param>
            <param index="5">
              <value>
                <![CDATA[]]>
              </value>
            </param>
          </params>
          <reporter-output>
          </reporter-output>
        </test-method> <!-- testBrowserStack -->
      </class> <!-- com.Browserstack.TestBrowserstack -->
    </test> <!-- Default test-4 -->
    <test started-at="2024-12-28T17:14:22 IST" name="Default test-0" finished-at="2024-12-28T17:16:37 IST" duration-ms="134350">
      <class name="com.Browserstack.TestBrowserstack">
        <test-method signature="testBrowserStack(java.lang.String,java.lang.String,java.lang.String,java.lang.String,java.lang.String,java.lang.String)[pri:0, instance:com.Browserstack.TestBrowserstack@7a799159]" started-at="2024-12-28T17:14:23 IST" name="testBrowserStack" finished-at="2024-12-28T17:16:36 IST" duration-ms="133540" status="PASS">
          <params>
            <param index="0">
              <value>
                <![CDATA[Windows]]>
              </value>
            </param>
            <param index="1">
              <value>
                <![CDATA[]]>
              </value>
            </param>
            <param index="2">
              <value>
                <![CDATA[10]]>
              </value>
            </param>
            <param index="3">
              <value>
                <![CDATA[chrome]]>
              </value>
            </param>
            <param index="4">
              <value>
                <![CDATA[latest]]>
              </value>
            </param>
            <param index="5">
              <value>
                <![CDATA[]]>
              </value>
            </param>
          </params>
          <reporter-output>
          </reporter-output>
        </test-method> <!-- testBrowserStack -->
      </class> <!-- com.Browserstack.TestBrowserstack -->
    </test> <!-- Default test-0 -->
    <test started-at="2024-12-28T17:14:22 IST" name="Default test-1" finished-at="2024-12-28T17:16:51 IST" duration-ms="148901">
      <class name="com.Browserstack.TestBrowserstack">
        <test-method signature="testBrowserStack(java.lang.String,java.lang.String,java.lang.String,java.lang.String,java.lang.String,java.lang.String)[pri:0, instance:com.Browserstack.TestBrowserstack@6f8e0cee]" started-at="2024-12-28T17:14:23 IST" name="testBrowserStack" finished-at="2024-12-28T17:16:49 IST" duration-ms="146316" status="PASS">
          <params>
            <param index="0">
              <value>
                <![CDATA[Windows]]>
              </value>
            </param>
            <param index="1">
              <value>
                <![CDATA[]]>
              </value>
            </param>
            <param index="2">
              <value>
                <![CDATA[10]]>
              </value>
            </param>
            <param index="3">
              <value>
                <![CDATA[chrome]]>
              </value>
            </param>
            <param index="4">
              <value>
                <![CDATA[latest]]>
              </value>
            </param>
            <param index="5">
              <value>
                <![CDATA[]]>
              </value>
            </param>
          </params>
          <reporter-output>
          </reporter-output>
        </test-method> <!-- testBrowserStack -->
      </class> <!-- com.Browserstack.TestBrowserstack -->
    </test> <!-- Default test-1 -->
    <test started-at="2024-12-28T17:14:22 IST" name="Default test-3" finished-at="2024-12-28T17:17:37 IST" duration-ms="194414">
      <class name="com.Browserstack.TestBrowserstack">
        <test-method signature="testBrowserStack(java.lang.String,java.lang.String,java.lang.String,java.lang.String,java.lang.String,java.lang.String)[pri:0, instance:com.Browserstack.TestBrowserstack@7dd00705]" started-at="2024-12-28T17:14:23 IST" name="testBrowserStack" finished-at="2024-12-28T17:17:35 IST" duration-ms="192841" status="PASS">
          <params>
            <param index="0">
              <value>
                <![CDATA[Windows]]>
              </value>
            </param>
            <param index="1">
              <value>
                <![CDATA[]]>
              </value>
            </param>
            <param index="2">
              <value>
                <![CDATA[10]]>
              </value>
            </param>
            <param index="3">
              <value>
                <![CDATA[chrome]]>
              </value>
            </param>
            <param index="4">
              <value>
                <![CDATA[latest]]>
              </value>
            </param>
            <param index="5">
              <value>
                <![CDATA[]]>
              </value>
            </param>
          </params>
          <reporter-output>
          </reporter-output>
        </test-method> <!-- testBrowserStack -->
      </class> <!-- com.Browserstack.TestBrowserstack -->
    </test> <!-- Default test-3 -->
  </suite> <!-- Default suite -->
</testng-results>
