<?xml version="1.0" encoding="UTF-8"?>
<testng-results ignored="0" total="0" passed="0" failed="0" skipped="0">
  <reporter-output>
  </reporter-output>
  <suite started-at="2024-12-26T20:41:56 IST" name="browser" finished-at="2024-12-26T20:41:56 IST" duration-ms="16">
    <groups>
    </groups>
    <test started-at="2024-12-26T20:41:56 IST" name="Test on iPhone" finished-at="2024-12-26T20:41:56 IST" duration-ms="16">
    </test> <!-- Test on iPhone -->
    <test started-at="2024-12-26T20:41:56 IST" name="Test on Safari Desktop" finished-at="2024-12-26T20:41:56 IST" duration-ms="16">
    </test> <!-- Test on Safari Desktop -->
    <test started-at="2024-12-26T20:41:56 IST" name="Test on Android" finished-at="2024-12-26T20:41:56 IST" duration-ms="16">
    </test> <!-- Test on Android -->
    <test started-at="2024-12-26T20:41:56 IST" name="Test on Firefox Desktop" finished-at="2024-12-26T20:41:56 IST" duration-ms="16">
    </test> <!-- Test on Firefox Desktop -->
    <test started-at="2024-12-26T20:41:56 IST" name="Test on Chrome Desktop" finished-at="2024-12-26T20:41:56 IST" duration-ms="16">
    </test> <!-- Test on Chrome Desktop -->
  </suite> <!-- browser -->
</testng-results>
